# JRE version: OpenJDK Runtime Environment Microsoft-8035250 (11.0.20+8) (build 11.0.20+8-LTS)
# Java VM: OpenJDK 64-Bit Server VM Microsoft-8035250 (11.0.20+8-LTS, mixed mode, tiered, compressed oops, g1 gc, windows-amd64)
Heap:
 garbage-first heap   total 69632K, used 31863K [0x00000000c8e00000, 0x0000000100000000)
  region size 1024K, 6 young (6144K), 2 survivors (2048K)
 Metaspace       used 43710K, capacity 44191K, committed 44496K, reserved 1089536K
  class space    used 5119K, capacity 5313K, committed 5372K, reserved 1048576K
GC Heap History (18 events):
Event: 1.400 GC heap before
{Heap before GC invocations=0 (full 0):
 garbage-first heap   total 57344K, used 28672K [0x00000000c8e00000, 0x0000000100000000)
  region size 1024K, 24 young (24576K), 0 survivors (0K)
 Metaspace       used 12157K, capacity 12344K, committed 12544K, reserved 1060864K
  class space    used 1116K, capacity 1175K, committed 1280K, reserved 1048576K
}
Event: 1.408 GC heap after
{Heap after GC invocations=1 (full 0):
 garbage-first heap   total 57344K, used 6833K [0x00000000c8e00000, 0x0000000100000000)
  region size 1024K, 3 young (3072K), 3 survivors (3072K)
 Metaspace       used 12157K, capacity 12344K, committed 12544K, reserved 1060864K
  class space    used 1116K, capacity 1175K, committed 1280K, reserved 1048576K
}
Event: 4.207 GC heap before
{Heap before GC invocations=1 (full 0):
 garbage-first heap   total 57344K, used 37553K [0x00000000c8e00000, 0x0000000100000000)
  region size 1024K, 33 young (33792K), 3 survivors (3072K)
 Metaspace       used 18621K, capacity 18801K, committed 18944K, reserved 1067008K
  class space    used 1915K, capacity 1995K, committed 2048K, reserved 1048576K
}
Event: 4.238 GC heap after
{Heap after GC invocations=2 (full 0):
 garbage-first heap   total 57344K, used 9919K [0x00000000c8e00000, 0x0000000100000000)
  region size 1024K, 5 young (5120K), 5 survivors (5120K)
 Metaspace       used 18621K, capacity 18801K, committed 18944K, reserved 1067008K
  class space    used 1915K, capacity 1995K, committed 2048K, reserved 1048576K
}
Event: 4.892 GC heap before
{Heap before GC invocations=2 (full 0):
 garbage-first heap   total 57344K, used 17087K [0x00000000c8e00000, 0x0000000100000000)
  region size 1024K, 13 young (13312K), 5 survivors (5120K)
 Metaspace       used 21024K, capacity 21185K, committed 21248K, reserved 1069056K
  class space    used 2216K, capacity 2302K, committed 2304K, reserved 1048576K
}
Event: 4.925 GC heap after
{Heap after GC invocations=3 (full 0):
 garbage-first heap   total 57344K, used 10712K [0x00000000c8e00000, 0x0000000100000000)
  region size 1024K, 1 young (1024K), 1 survivors (1024K)
 Metaspace       used 21024K, capacity 21185K, committed 21248K, reserved 1069056K
  class space    used 2216K, capacity 2302K, committed 2304K, reserved 1048576K
}
Event: 7.954 GC heap before
{Heap before GC invocations=4 (full 0):
 garbage-first heap   total 57344K, used 35288K [0x00000000c8e00000, 0x0000000100000000)
  region size 1024K, 21 young (21504K), 1 survivors (1024K)
 Metaspace       used 27197K, capacity 27605K, committed 27644K, reserved 1073152K
  class space    used 2889K, capacity 3029K, committed 3068K, reserved 1048576K
}
Event: 7.964 GC heap after
{Heap after GC invocations=5 (full 0):
 garbage-first heap   total 57344K, used 16117K [0x00000000c8e00000, 0x0000000100000000)
  region size 1024K, 2 young (2048K), 2 survivors (2048K)
 Metaspace       used 27197K, capacity 27605K, committed 27644K, reserved 1073152K
  class space    used 2889K, capacity 3029K, committed 3068K, reserved 1048576K
}
Event: 10.431 GC heap before
{Heap before GC invocations=5 (full 0):
 garbage-first heap   total 57344K, used 37621K [0x00000000c8e00000, 0x0000000100000000)
  region size 1024K, 21 young (21504K), 2 survivors (2048K)
 Metaspace       used 30572K, capacity 31031K, committed 31228K, reserved 1077248K
  class space    used 3592K, capacity 3789K, committed 3836K, reserved 1048576K
}
Event: 10.448 GC heap after
{Heap after GC invocations=6 (full 0):
 garbage-first heap   total 57344K, used 21918K [0x00000000c8e00000, 0x0000000100000000)
  region size 1024K, 3 young (3072K), 3 survivors (3072K)
 Metaspace       used 30572K, capacity 31031K, committed 31228K, reserved 1077248K
  class space    used 3592K, capacity 3789K, committed 3836K, reserved 1048576K
}
Event: 11.442 GC heap before
{Heap before GC invocations=6 (full 0):
 garbage-first heap   total 57344K, used 37278K [0x00000000c8e00000, 0x0000000100000000)
  region size 1024K, 19 young (19456K), 3 survivors (3072K)
 Metaspace       used 34357K, capacity 34787K, committed 34940K, reserved 1079296K
  class space    used 4203K, capacity 4401K, committed 4476K, reserved 1048576K
}
Event: 11.458 GC heap after
{Heap after GC invocations=7 (full 0):
 garbage-first heap   total 69632K, used 23965K [0x00000000c8e00000, 0x0000000100000000)
  region size 1024K, 2 young (2048K), 2 survivors (2048K)
 Metaspace       used 34357K, capacity 34787K, committed 34940K, reserved 1079296K
  class space    used 4203K, capacity 4401K, committed 4476K, reserved 1048576K
}
Event: 11.776 GC heap before
{Heap before GC invocations=7 (full 0):
 garbage-first heap   total 69632K, used 30109K [0x00000000c8e00000, 0x0000000100000000)
  region size 1024K, 9 young (9216K), 2 survivors (2048K)
 Metaspace       used 35498K, capacity 35918K, committed 36048K, reserved 1081344K
  class space    used 4327K, capacity 4501K, committed 4604K, reserved 1048576K
}
Event: 11.785 GC heap after
{Heap after GC invocations=8 (full 0):
 garbage-first heap   total 69632K, used 25272K [0x00000000c8e00000, 0x0000000100000000)
  region size 1024K, 2 young (2048K), 2 survivors (2048K)
 Metaspace       used 35498K, capacity 35918K, committed 36048K, reserved 1081344K
  class space    used 4327K, capacity 4501K, committed 4604K, reserved 1048576K
}
Event: 13.631 GC heap before
{Heap before GC invocations=9 (full 0):
 garbage-first heap   total 69632K, used 42680K [0x00000000c8e00000, 0x0000000100000000)
  region size 1024K, 19 young (19456K), 2 survivors (2048K)
 Metaspace       used 38821K, capacity 39244K, committed 39504K, reserved 1083392K
  class space    used 4680K, capacity 4860K, committed 4988K, reserved 1048576K
}
Event: 13.640 GC heap after
{Heap after GC invocations=10 (full 0):
 garbage-first heap   total 69632K, used 27095K [0x00000000c8e00000, 0x0000000100000000)
  region size 1024K, 3 young (3072K), 3 survivors (3072K)
 Metaspace       used 38821K, capacity 39244K, committed 39504K, reserved 1083392K
  class space    used 4680K, capacity 4860K, committed 4988K, reserved 1048576K
}
Event: 15.712 GC heap before
{Heap before GC invocations=10 (full 0):
 garbage-first heap   total 69632K, used 44503K [0x00000000c8e00000, 0x0000000100000000)
  region size 1024K, 21 young (21504K), 3 survivors (3072K)
 Metaspace       used 42531K, capacity 43001K, committed 43344K, reserved 1087488K
  class space    used 4984K, capacity 5151K, committed 5244K, reserved 1048576K
}
Event: 15.753 GC heap after
{Heap after GC invocations=11 (full 0):
 garbage-first heap   total 69632K, used 28791K [0x00000000c8e00000, 0x0000000100000000)
  region size 1024K, 2 young (2048K), 2 survivors (2048K)
 Metaspace       used 42531K, capacity 43001K, committed 43344K, reserved 1087488K
  class space    used 4984K, capacity 5151K, committed 5244K, reserved 1048576K
}

