# JRE version: OpenJDK Runtime Environment (11.0.15) (build 11.0.15+0-b2043.56-9505619)
# Java VM: OpenJDK 64-Bit Server VM (11.0.15+0-b2043.56-9505619, mixed mode, tiered, compressed oops, g1 gc, windows-amd64)
Heap:
 garbage-first heap   total 152576K, used 123584K [0x0000000080000000, 0x0000000100000000)
  region size 1024K, 11 young (11264K), 2 survivors (2048K)
 Metaspace       used 60010K, capacity 62116K, committed 62256K, reserved 571392K
  class space    used 7845K, capacity 8716K, committed 8832K, reserved 516096K
GC Heap History (20 events):
Event: 117.776 GC heap before
{Heap before GC invocations=86 (full 0):
 garbage-first heap   total 126976K, used 109272K [0x0000000080000000, 0x0000000100000000)
  region size 1024K, 7 young (7168K), 1 survivors (1024K)
 Metaspace       used 53931K, capacity 55816K, committed 56112K, reserved 565248K
  class space    used 7009K, capacity 7763K, committed 7808K, reserved 516096K
}
Event: 117.782 GC heap after
{Heap after GC invocations=87 (full 0):
 garbage-first heap   total 126976K, used 103760K [0x0000000080000000, 0x0000000100000000)
  region size 1024K, 1 young (1024K), 1 survivors (1024K)
 Metaspace       used 53931K, capacity 55816K, committed 56112K, reserved 565248K
  class space    used 7009K, capacity 7763K, committed 7808K, reserved 516096K
}
Event: 118.405 GC heap before
{Heap before GC invocations=88 (full 0):
 garbage-first heap   total 126976K, used 109904K [0x0000000080000000, 0x0000000100000000)
  region size 1024K, 7 young (7168K), 1 survivors (1024K)
 Metaspace       used 54321K, capacity 56226K, committed 56496K, reserved 565248K
  class space    used 7056K, capacity 7836K, committed 7936K, reserved 516096K
}
Event: 118.410 GC heap after
{Heap after GC invocations=89 (full 0):
 garbage-first heap   total 126976K, used 103853K [0x0000000080000000, 0x0000000100000000)
  region size 1024K, 1 young (1024K), 1 survivors (1024K)
 Metaspace       used 54321K, capacity 56226K, committed 56496K, reserved 565248K
  class space    used 7056K, capacity 7836K, committed 7936K, reserved 516096K
}
Event: 119.061 GC heap before
{Heap before GC invocations=89 (full 0):
 garbage-first heap   total 126976K, used 108973K [0x0000000080000000, 0x0000000100000000)
  region size 1024K, 6 young (6144K), 1 survivors (1024K)
 Metaspace       used 54729K, capacity 56669K, committed 56752K, reserved 565248K
  class space    used 7105K, capacity 7876K, committed 7936K, reserved 516096K
}
Event: 119.065 GC heap after
{Heap after GC invocations=90 (full 0):
 garbage-first heap   total 126976K, used 103884K [0x0000000080000000, 0x0000000100000000)
  region size 1024K, 1 young (1024K), 1 survivors (1024K)
 Metaspace       used 54729K, capacity 56669K, committed 56752K, reserved 565248K
  class space    used 7105K, capacity 7876K, committed 7936K, reserved 516096K
}
Event: 119.612 GC heap before
{Heap before GC invocations=91 (full 0):
 garbage-first heap   total 126976K, used 109004K [0x0000000080000000, 0x0000000100000000)
  region size 1024K, 6 young (6144K), 1 survivors (1024K)
 Metaspace       used 55029K, capacity 56971K, committed 57008K, reserved 565248K
  class space    used 7155K, capacity 7935K, committed 7936K, reserved 516096K
}
Event: 119.616 GC heap after
{Heap after GC invocations=92 (full 0):
 garbage-first heap   total 126976K, used 104006K [0x0000000080000000, 0x0000000100000000)
  region size 1024K, 1 young (1024K), 1 survivors (1024K)
 Metaspace       used 55029K, capacity 56971K, committed 57008K, reserved 565248K
  class space    used 7155K, capacity 7935K, committed 7936K, reserved 516096K
}
Event: 120.526 GC heap before
{Heap before GC invocations=92 (full 0):
 garbage-first heap   total 126976K, used 110150K [0x0000000080000000, 0x0000000100000000)
  region size 1024K, 7 young (7168K), 1 survivors (1024K)
 Metaspace       used 55364K, capacity 57279K, committed 57392K, reserved 567296K
  class space    used 7203K, capacity 7994K, committed 8064K, reserved 516096K
}
Event: 120.530 GC heap after
{Heap after GC invocations=93 (full 0):
 garbage-first heap   total 126976K, used 104541K [0x0000000080000000, 0x0000000100000000)
  region size 1024K, 1 young (1024K), 1 survivors (1024K)
 Metaspace       used 55364K, capacity 57279K, committed 57392K, reserved 567296K
  class space    used 7203K, capacity 7994K, committed 8064K, reserved 516096K
}
Event: 123.708 GC heap before
{Heap before GC invocations=94 (full 0):
 garbage-first heap   total 126976K, used 109661K [0x0000000080000000, 0x0000000100000000)
  region size 1024K, 7 young (7168K), 1 survivors (1024K)
 Metaspace       used 55447K, capacity 57416K, committed 57648K, reserved 567296K
  class space    used 7206K, capacity 7997K, committed 8064K, reserved 516096K
}
Event: 123.779 GC heap after
{Heap after GC invocations=95 (full 0):
 garbage-first heap   total 126976K, used 106654K [0x0000000080000000, 0x0000000100000000)
  region size 1024K, 1 young (1024K), 1 survivors (1024K)
 Metaspace       used 55447K, capacity 57416K, committed 57648K, reserved 567296K
  class space    used 7206K, capacity 7997K, committed 8064K, reserved 516096K
}
Event: 126.574 GC heap before
{Heap before GC invocations=96 (full 0):
 garbage-first heap   total 126976K, used 116894K [0x0000000080000000, 0x0000000100000000)
  region size 1024K, 6 young (6144K), 1 survivors (1024K)
 Metaspace       used 56124K, capacity 58129K, committed 58288K, reserved 567296K
  class space    used 7278K, capacity 8086K, committed 8192K, reserved 516096K
}
Event: 126.624 GC heap after
{Heap after GC invocations=97 (full 0):
 garbage-first heap   total 126976K, used 114497K [0x0000000080000000, 0x0000000100000000)
  region size 1024K, 1 young (1024K), 1 survivors (1024K)
 Metaspace       used 56124K, capacity 58129K, committed 58288K, reserved 567296K
  class space    used 7278K, capacity 8086K, committed 8192K, reserved 516096K
}
Event: 128.556 GC heap before
{Heap before GC invocations=97 (full 0):
 garbage-first heap   total 126976K, used 119617K [0x0000000080000000, 0x0000000100000000)
  region size 1024K, 6 young (6144K), 1 survivors (1024K)
 Metaspace       used 57046K, capacity 59076K, committed 59440K, reserved 567296K
  class space    used 7390K, capacity 8211K, committed 8320K, reserved 516096K
}
Event: 128.574 GC heap after
{Heap after GC invocations=98 (full 0):
 garbage-first heap   total 152576K, used 114497K [0x0000000080000000, 0x0000000100000000)
  region size 1024K, 1 young (1024K), 1 survivors (1024K)
 Metaspace       used 57046K, capacity 59076K, committed 59440K, reserved 567296K
  class space    used 7390K, capacity 8211K, committed 8320K, reserved 516096K
}
Event: 131.506 GC heap before
{Heap before GC invocations=98 (full 0):
 garbage-first heap   total 152576K, used 123713K [0x0000000080000000, 0x0000000100000000)
  region size 1024K, 10 young (10240K), 1 survivors (1024K)
 Metaspace       used 58430K, capacity 60461K, committed 60592K, reserved 569344K
  class space    used 7580K, capacity 8395K, committed 8448K, reserved 516096K
}
Event: 131.568 GC heap after
{Heap after GC invocations=99 (full 0):
 garbage-first heap   total 152576K, used 115051K [0x0000000080000000, 0x0000000100000000)
  region size 1024K, 1 young (1024K), 1 survivors (1024K)
 Metaspace       used 58430K, capacity 60461K, committed 60592K, reserved 569344K
  class space    used 7580K, capacity 8395K, committed 8448K, reserved 516096K
}
Event: 133.734 GC heap before
{Heap before GC invocations=99 (full 0):
 garbage-first heap   total 152576K, used 125291K [0x0000000080000000, 0x0000000100000000)
  region size 1024K, 11 young (11264K), 1 survivors (1024K)
 Metaspace       used 59271K, capacity 61254K, committed 61488K, reserved 569344K
  class space    used 7726K, capacity 8532K, committed 8576K, reserved 516096K
}
Event: 133.744 GC heap after
{Heap after GC invocations=100 (full 0):
 garbage-first heap   total 152576K, used 115392K [0x0000000080000000, 0x0000000100000000)
  region size 1024K, 2 young (2048K), 2 survivors (2048K)
 Metaspace       used 59271K, capacity 61254K, committed 61488K, reserved 569344K
  class space    used 7726K, capacity 8532K, committed 8576K, reserved 516096K
}

