# JRE version: OpenJDK Runtime Environment Microsoft-8035250 (11.0.20+8) (build 11.0.20+8-LTS)
# Java VM: OpenJDK 64-Bit Server VM Microsoft-8035250 (11.0.20+8-LTS, mixed mode, tiered, compressed oops, g1 gc, windows-amd64)
Heap:
 garbage-first heap   total 178176K, used 73525K [0x00000000c8e00000, 0x0000000100000000)
  region size 1024K, 3 young (3072K), 3 survivors (3072K)
 Metaspace       used 65597K, capacity 66419K, committed 66640K, reserved 1107968K
  class space    used 7341K, capacity 7681K, committed 7760K, reserved 1048576K
GC Heap History (20 events):
Event: 21.689 GC heap after
{Heap after GC invocations=23 (full 0):
 garbage-first heap   total 69632K, used 44719K [0x00000000c8e00000, 0x0000000100000000)
  region size 1024K, 1 young (1024K), 1 survivors (1024K)
 Metaspace       used 55441K, capacity 56130K, committed 56400K, reserved 1099776K
  class space    used 6429K, capacity 6712K, committed 6736K, reserved 1048576K
}
Event: 22.292 GC heap before
{Heap before GC invocations=23 (full 0):
 garbage-first heap   total 69632K, used 53935K [0x00000000c8e00000, 0x0000000100000000)
  region size 1024K, 10 young (10240K), 1 survivors (1024K)
 Metaspace       used 56280K, capacity 56980K, committed 57296K, reserved 1099776K
  class space    used 6477K, capacity 6752K, committed 6864K, reserved 1048576K
}
Event: 22.309 GC heap after
{Heap after GC invocations=24 (full 0):
 garbage-first heap   total 69632K, used 46985K [0x00000000c8e00000, 0x0000000100000000)
  region size 1024K, 2 young (2048K), 2 survivors (2048K)
 Metaspace       used 56280K, capacity 56980K, committed 57296K, reserved 1099776K
  class space    used 6477K, capacity 6752K, committed 6864K, reserved 1048576K
}
Event: 22.760 GC heap before
{Heap before GC invocations=25 (full 0):
 garbage-first heap   total 69632K, used 56201K [0x00000000c8e00000, 0x0000000100000000)
  region size 1024K, 11 young (11264K), 2 survivors (2048K)
 Metaspace       used 56918K, capacity 57645K, committed 57808K, reserved 1099776K
  class space    used 6538K, capacity 6823K, committed 6864K, reserved 1048576K
}
Event: 22.777 GC heap after
{Heap after GC invocations=26 (full 0):
 garbage-first heap   total 84992K, used 49231K [0x00000000c8e00000, 0x0000000100000000)
  region size 1024K, 2 young (2048K), 2 survivors (2048K)
 Metaspace       used 56918K, capacity 57645K, committed 57808K, reserved 1099776K
  class space    used 6538K, capacity 6823K, committed 6864K, reserved 1048576K
}
Event: 23.230 GC heap before
{Heap before GC invocations=26 (full 0):
 garbage-first heap   total 84992K, used 61519K [0x00000000c8e00000, 0x0000000100000000)
  region size 1024K, 14 young (14336K), 2 survivors (2048K)
 Metaspace       used 59345K, capacity 60092K, committed 60240K, reserved 1101824K
  class space    used 6818K, capacity 7127K, committed 7248K, reserved 1048576K
}
Event: 23.243 GC heap after
{Heap after GC invocations=27 (full 0):
 garbage-first heap   total 84992K, used 51084K [0x00000000c8e00000, 0x0000000100000000)
  region size 1024K, 2 young (2048K), 2 survivors (2048K)
 Metaspace       used 59345K, capacity 60092K, committed 60240K, reserved 1101824K
  class space    used 6818K, capacity 7127K, committed 7248K, reserved 1048576K
}
Event: 24.029 GC heap before
{Heap before GC invocations=28 (full 0):
 garbage-first heap   total 84992K, used 62348K [0x00000000c8e00000, 0x0000000100000000)
  region size 1024K, 14 young (14336K), 2 survivors (2048K)
 Metaspace       used 61262K, capacity 62037K, committed 62160K, reserved 1103872K
  class space    used 7031K, capacity 7345K, committed 7376K, reserved 1048576K
}
Event: 24.041 GC heap after
{Heap after GC invocations=29 (full 0):
 garbage-first heap   total 84992K, used 53194K [0x00000000c8e00000, 0x0000000100000000)
  region size 1024K, 2 young (2048K), 2 survivors (2048K)
 Metaspace       used 61262K, capacity 62037K, committed 62160K, reserved 1103872K
  class space    used 7031K, capacity 7345K, committed 7376K, reserved 1048576K
}
Event: 25.077 GC heap before
{Heap before GC invocations=29 (full 0):
 garbage-first heap   total 84992K, used 64458K [0x00000000c8e00000, 0x0000000100000000)
  region size 1024K, 14 young (14336K), 2 survivors (2048K)
 Metaspace       used 62430K, capacity 63239K, committed 63312K, reserved 1105920K
  class space    used 7130K, capacity 7461K, committed 7504K, reserved 1048576K
}
Event: 25.108 GC heap after
{Heap after GC invocations=30 (full 0):
 garbage-first heap   total 84992K, used 55446K [0x00000000c8e00000, 0x0000000100000000)
  region size 1024K, 2 young (2048K), 2 survivors (2048K)
 Metaspace       used 62430K, capacity 63239K, committed 63312K, reserved 1105920K
  class space    used 7130K, capacity 7461K, committed 7504K, reserved 1048576K
}
Event: 26.048 GC heap before
{Heap before GC invocations=31 (full 0):
 garbage-first heap   total 84992K, used 68758K [0x00000000c8e00000, 0x0000000100000000)
  region size 1024K, 13 young (13312K), 2 survivors (2048K)
 Metaspace       used 63073K, capacity 63900K, committed 64208K, reserved 1105920K
  class space    used 7194K, capacity 7531K, committed 7632K, reserved 1048576K
}
Event: 26.087 GC heap after
{Heap after GC invocations=32 (full 0):
 garbage-first heap   total 116736K, used 59770K [0x00000000c8e00000, 0x0000000100000000)
  region size 1024K, 2 young (2048K), 2 survivors (2048K)
 Metaspace       used 63073K, capacity 63900K, committed 64208K, reserved 1105920K
  class space    used 7194K, capacity 7531K, committed 7632K, reserved 1048576K
}
Event: 27.475 GC heap before
{Heap before GC invocations=32 (full 0):
 garbage-first heap   total 116736K, used 79226K [0x00000000c8e00000, 0x0000000100000000)
  region size 1024K, 21 young (21504K), 2 survivors (2048K)
 Metaspace       used 63992K, capacity 64802K, committed 64976K, reserved 1105920K
  class space    used 7237K, capacity 7573K, committed 7632K, reserved 1048576K
}
Event: 27.523 GC heap after
{Heap after GC invocations=33 (full 0):
 garbage-first heap   total 116736K, used 63692K [0x00000000c8e00000, 0x0000000100000000)
  region size 1024K, 3 young (3072K), 3 survivors (3072K)
 Metaspace       used 63992K, capacity 64802K, committed 64976K, reserved 1105920K
  class space    used 7237K, capacity 7573K, committed 7632K, reserved 1048576K
}
Event: 28.802 GC heap before
{Heap before GC invocations=34 (full 0):
 garbage-first heap   total 116736K, used 82124K [0x00000000c8e00000, 0x0000000100000000)
  region size 1024K, 21 young (21504K), 3 survivors (3072K)
 Metaspace       used 64454K, capacity 65270K, committed 65488K, reserved 1107968K
  class space    used 7243K, capacity 7576K, committed 7632K, reserved 1048576K
}
Event: 28.842 GC heap after
{Heap after GC invocations=35 (full 0):
 garbage-first heap   total 116736K, used 67347K [0x00000000c8e00000, 0x0000000100000000)
  region size 1024K, 3 young (3072K), 3 survivors (3072K)
 Metaspace       used 64454K, capacity 65270K, committed 65488K, reserved 1107968K
  class space    used 7243K, capacity 7576K, committed 7632K, reserved 1048576K
}
Event: 29.472 GC heap before
{Heap before GC invocations=35 (full 0):
 garbage-first heap   total 116736K, used 85779K [0x00000000c8e00000, 0x0000000100000000)
  region size 1024K, 21 young (21504K), 3 survivors (3072K)
 Metaspace       used 64632K, capacity 65463K, committed 65744K, reserved 1107968K
  class space    used 7244K, capacity 7576K, committed 7632K, reserved 1048576K
}
Event: 29.510 GC heap after
{Heap after GC invocations=36 (full 0):
 garbage-first heap   total 116736K, used 70656K [0x00000000c8e00000, 0x0000000100000000)
  region size 1024K, 3 young (3072K), 3 survivors (3072K)
 Metaspace       used 64632K, capacity 65463K, committed 65744K, reserved 1107968K
  class space    used 7244K, capacity 7576K, committed 7632K, reserved 1048576K
}
Event: 30.403 GC heap before
{Heap before GC invocations=37 (full 0):
 garbage-first heap   total 116736K, used 89088K [0x00000000c8e00000, 0x0000000100000000)
  region size 1024K, 21 young (21504K), 3 survivors (3072K)
 Metaspace       used 65597K, capacity 66419K, committed 66640K, reserved 1107968K
  class space    used 7341K, capacity 7681K, committed 7760K, reserved 1048576K
}

